0 info it worked if it ends with ok
1 verbose cli [ 'node', '/usr/local/bin/npm', 'start' ]
2 info using npm@2.1.3
3 info using node@v0.10.32
4 verbose node symlink /usr/local/bin/node
5 verbose run-script [ 'prestart', 'start', 'poststart' ]
6 info prestart angular-seed@0.0.0
7 verbose unsafe-perm in lifecycle true
8 info angular-seed@0.0.0 Failed to exec prestart script
9 verbose stack Error: angular-seed@0.0.0 prestart: `npm install`
9 verbose stack Exit status 3
9 verbose stack     at ChildProcess.<anonymous> (/usr/local/lib/node_modules/npm/lib/utils/lifecycle.js:212:16)
9 verbose stack     at ChildProcess.emit (events.js:98:17)
9 verbose stack     at maybeClose (child_process.js:756:16)
9 verbose stack     at Process.ChildProcess._handle.onexit (child_process.js:823:5)
10 verbose pkgid angular-seed@0.0.0
11 verbose cwd /Users/timothystorey/Desktop/Coding/wr-frontend2/app
12 error Darwin 13.4.0
13 error argv "node" "/usr/local/bin/npm" "start"
14 error node v0.10.32
15 error npm  v2.1.3
16 error code ELIFECYCLE
17 error angular-seed@0.0.0 prestart: `npm install`
17 error Exit status 3
18 error Failed at the angular-seed@0.0.0 prestart script.
18 error This is most likely a problem with the angular-seed package,
18 error not with npm itself.
18 error Tell the author that this fails on your system:
18 error     npm install
18 error You can get their info via:
18 error     npm owner ls angular-seed
18 error There is likely additional logging output above.
19 verbose exit [ 1, true ]
